<?xml version="1.0" encoding="UTF-8"?>
<testsuite xmlns:xsi="http://www.w3.org/2001/XMLSchema-instance" xsi:noNamespaceSchemaLocation="https://maven.apache.org/surefire/maven-surefire-plugin/xsd/surefire-test-report.xsd" version="3.0.2" name="henrotaym.env.feature.PlayerEndpointFeatureTest" time="27.617" tests="4" errors="0" skipped="0" failures="0">
  <properties>
[...]
</properties>
  <testcase name="testSortByAgeAscending" classname="henrotaym.env.feature.PlayerEndpointFeatureTest" time="3.248">
    <system-out><![CDATA[16:30:15.458 [main] INFO org.springframework.test.context.support.AnnotationConfigContextLoaderUtils -- Could not detect default configuration classes for test class [henrotaym.env.feature.PlayerEndpointFeatureTest]: PlayerEndpointFeatureTest does not declare any static, non-private, non-final, nested classes annotated with @Configuration.
16:30:16.135 [main] INFO org.springframework.boot.test.context.SpringBootTestContextBootstrapper -- Found @SpringBootConfiguration henrotaym.env.EnvApplication for test class henrotaym.env.feature.PlayerEndpointFeatureTest
16:30:16.980 [main] INFO org.springframework.boot.devtools.restart.RestartApplicationListener -- Restart disabled due to context in which it is running

  .   ____          _            __ _ _
 /\\ / ___'_ __ _ _(_)_ __  __ _ \ \ \ \
( ( )\___ | '_ | '_| | '_ \/ _` | \ \ \ \
 \\/  ___)| |_)| | | | | || (_| |  ) ) ) )
  '  |____| .__|_| |_|_| |_\__, | / / / /
 =========|_|==============|___/=/_/_/_/

 :: Spring Boot ::                (v3.4.5)

2025-06-29T16:30:18.809Z  INFO 8128 --- [env] [           main] h.env.feature.PlayerEndpointFeatureTest  : Starting PlayerEndpointFeatureTest using Java 24.0.1 with PID 8128 (started by app in /opt/apps/app)
2025-06-29T16:30:18.813Z  INFO 8128 --- [env] [           main] h.env.feature.PlayerEndpointFeatureTest  : The following 3 profiles are active: "test", "http", "queue"
2025-06-29T16:30:22.079Z  INFO 8128 --- [env] [           main] .s.d.r.c.RepositoryConfigurationDelegate : Bootstrapping Spring Data JPA repositories in DEFAULT mode.
2025-06-29T16:30:22.412Z  INFO 8128 --- [env] [           main] .s.d.r.c.RepositoryConfigurationDelegate : Finished Spring Data repository scanning in 281 ms. Found 1 JPA repository interface.
2025-06-29T16:30:24.451Z  INFO 8128 --- [env] [           main] com.zaxxer.hikari.HikariDataSource       : HikariPool-1 - Starting...
2025-06-29T16:30:26.014Z  INFO 8128 --- [env] [           main] com.zaxxer.hikari.pool.HikariPool        : HikariPool-1 - Added connection com.mysql.cj.jdbc.ConnectionImpl@7db5b890
2025-06-29T16:30:26.020Z  INFO 8128 --- [env] [           main] com.zaxxer.hikari.HikariDataSource       : HikariPool-1 - Start completed.
2025-06-29T16:30:28.065Z  INFO 8128 --- [env] [           main] liquibase.changelog                      : Reading resource: db/changelog/migrations/.gitkeep
2025-06-29T16:30:28.068Z  WARN 8128 --- [env] [           main] liquibase.changelog                      : included file db/changelog/migrations/.gitkeep/db/changelog/migrations/.gitkeep is not a recognized file type
2025-06-29T16:30:28.069Z  INFO 8128 --- [env] [           main] liquibase.changelog                      : Reading resource: db/changelog/migrations/001-create-player-table.xml
2025-06-29T16:30:28.733Z  INFO 8128 --- [env] [           main] liquibase.changelog                      : Reading from testing.DATABASECHANGELOG
2025-06-29T16:30:28.935Z  INFO 8128 --- [env] [           main] liquibase.ui                             : Database is up to date, no changesets to execute
2025-06-29T16:30:28.950Z  INFO 8128 --- [env] [           main] liquibase.changelog                      : Reading from testing.DATABASECHANGELOG
2025-06-29T16:30:28.991Z  INFO 8128 --- [env] [           main] liquibase.util                           : UPDATE SUMMARY
2025-06-29T16:30:28.992Z  INFO 8128 --- [env] [           main] liquibase.util                           : Run:                          0
2025-06-29T16:30:28.992Z  INFO 8128 --- [env] [           main] liquibase.util                           : Previously run:               1
2025-06-29T16:30:28.992Z  INFO 8128 --- [env] [           main] liquibase.util                           : Filtered out:                 0
2025-06-29T16:30:28.993Z  INFO 8128 --- [env] [           main] liquibase.util                           : -------------------------------
2025-06-29T16:30:28.993Z  INFO 8128 --- [env] [           main] liquibase.util                           : Total change sets:            1
2025-06-29T16:30:28.997Z  INFO 8128 --- [env] [           main] liquibase.util                           : Update summary generated
2025-06-29T16:30:29.000Z  INFO 8128 --- [env] [           main] liquibase.command                        : Command execution complete
2025-06-29T16:30:29.498Z  INFO 8128 --- [env] [           main] o.hibernate.jpa.internal.util.LogHelper  : HHH000204: Processing PersistenceUnitInfo [name: default]
2025-06-29T16:30:29.874Z  INFO 8128 --- [env] [           main] org.hibernate.Version                    : HHH000412: Hibernate ORM core version 6.6.13.Final
2025-06-29T16:30:30.071Z  INFO 8128 --- [env] [           main] o.h.c.internal.RegionFactoryInitiator    : HHH000026: Second-level cache disabled
2025-06-29T16:30:31.554Z  INFO 8128 --- [env] [           main] o.s.o.j.p.SpringPersistenceUnitInfo      : No LoadTimeWeaver setup: ignoring JPA class transformer
2025-06-29T16:30:31.922Z  INFO 8128 --- [env] [           main] org.hibernate.orm.connections.pooling    : HHH10001005: Database info:
	Database JDBC URL [Connecting through datasource 'HikariDataSource (HikariPool-1)']
	Database driver: undefined/unknown
	Database version: 8.0.32
	Autocommit mode: undefined/unknown
	Isolation level: undefined/unknown
	Minimum pool size: undefined/unknown
	Maximum pool size: undefined/unknown
2025-06-29T16:30:35.193Z  INFO 8128 --- [env] [           main] o.h.e.t.j.p.i.JtaPlatformInitiator       : HHH000489: No JTA platform available (set 'hibernate.transaction.jta.platform' to enable JTA platform integration)
2025-06-29T16:30:35.205Z  INFO 8128 --- [env] [           main] j.LocalContainerEntityManagerFactoryBean : Initialized JPA EntityManagerFactory for persistence unit 'default'
2025-06-29T16:30:35.242Z  INFO 8128 --- [env] [           main] henrotaym.env.EnvApplication             : 🟡 Profil(s) actif(s): [test, http, queue]
2025-06-29T16:30:36.436Z  WARN 8128 --- [env] [           main] JpaBaseConfiguration$JpaWebConfiguration : spring.jpa.open-in-view is enabled by default. Therefore, database queries may be performed during view rendering. Explicitly configure spring.jpa.open-in-view to disable this warning
2025-06-29T16:30:37.263Z DEBUG 8128 --- [env] [           main] .c.JpaMetamodelMappingContextFactoryBean : Initializing JpaMetamodelMappingContext…
2025-06-29T16:30:37.311Z DEBUG 8128 --- [env] [           main] .c.JpaMetamodelMappingContextFactoryBean : Finished initializing JpaMetamodelMappingContext
2025-06-29T16:30:38.596Z  INFO 8128 --- [env] [           main] o.s.b.t.m.w.SpringBootMockServletContext : Initializing Spring TestDispatcherServlet ''
2025-06-29T16:30:38.598Z  INFO 8128 --- [env] [           main] o.s.t.web.servlet.TestDispatcherServlet  : Initializing Servlet ''
2025-06-29T16:30:38.604Z  INFO 8128 --- [env] [           main] o.s.t.web.servlet.TestDispatcherServlet  : Completed initialization in 2 ms
2025-06-29T16:30:38.739Z  INFO 8128 --- [env] [           main] h.env.feature.PlayerEndpointFeatureTest  : Started PlayerEndpointFeatureTest in 21.825 seconds (process running for 26.311)
2025-06-29T16:30:41.042Z TRACE 8128 --- [env] [           main] org.hibernate.orm.jdbc.bind              : binding parameter (1:DATE) <- [1986-06-03]
2025-06-29T16:30:41.043Z TRACE 8128 --- [env] [           main] org.hibernate.orm.jdbc.bind              : binding parameter (2:VARCHAR) <- [Rafael Nadal]
2025-06-29T16:30:41.044Z TRACE 8128 --- [env] [           main] org.hibernate.orm.jdbc.bind              : binding parameter (3:VARCHAR) <- [ESP]
2025-06-29T16:30:41.044Z TRACE 8128 --- [env] [           main] org.hibernate.orm.jdbc.bind              : binding parameter (4:INTEGER) <- [2]
2025-06-29T16:30:41.092Z TRACE 8128 --- [env] [           main] org.hibernate.orm.jdbc.bind              : binding parameter (1:DATE) <- [1981-08-08]
2025-06-29T16:30:41.093Z TRACE 8128 --- [env] [           main] org.hibernate.orm.jdbc.bind              : binding parameter (2:VARCHAR) <- [Roger Federer]
2025-06-29T16:30:41.094Z TRACE 8128 --- [env] [           main] org.hibernate.orm.jdbc.bind              : binding parameter (3:VARCHAR) <- [SUI]
2025-06-29T16:30:41.094Z TRACE 8128 --- [env] [           main] org.hibernate.orm.jdbc.bind              : binding parameter (4:INTEGER) <- [3]
2025-06-29T16:30:41.104Z TRACE 8128 --- [env] [           main] org.hibernate.orm.jdbc.bind              : binding parameter (1:DATE) <- [2003-05-05]
2025-06-29T16:30:41.105Z TRACE 8128 --- [env] [           main] org.hibernate.orm.jdbc.bind              : binding parameter (2:VARCHAR) <- [Carlos Alcaraz]
2025-06-29T16:30:41.106Z TRACE 8128 --- [env] [           main] org.hibernate.orm.jdbc.bind              : binding parameter (3:VARCHAR) <- [ESP]
2025-06-29T16:30:41.113Z TRACE 8128 --- [env] [           main] org.hibernate.orm.jdbc.bind              : binding parameter (4:INTEGER) <- [1]
2025-06-29T16:30:41.127Z TRACE 8128 --- [env] [           main] org.hibernate.orm.jdbc.bind              : binding parameter (1:DATE) <- [1987-05-15]
2025-06-29T16:30:41.136Z TRACE 8128 --- [env] [           main] org.hibernate.orm.jdbc.bind              : binding parameter (2:VARCHAR) <- [Andy Murray]
2025-06-29T16:30:41.138Z TRACE 8128 --- [env] [           main] org.hibernate.orm.jdbc.bind              : binding parameter (3:VARCHAR) <- [GBR]
2025-06-29T16:30:41.139Z TRACE 8128 --- [env] [           main] org.hibernate.orm.jdbc.bind              : binding parameter (4:INTEGER) <- [4]
]]></system-out>
    <system-err><![CDATA[Mockito is currently self-attaching to enable the inline-mock-maker. This will no longer work in future releases of the JDK. Please add Mockito as an agent to your build what is described in Mockito's documentation: https://javadoc.io/doc/org.mockito/mockito-core/latest/org/mockito/Mockito.html#0.3
WARNING: A Java agent has been loaded dynamically (/opt/apps/maven/repository/net/bytebuddy/byte-buddy-agent/1.15.11/byte-buddy-agent-1.15.11.jar)
WARNING: If a serviceability tool is in use, please run with -XX:+EnableDynamicAgentLoading to hide this warning
WARNING: If a serviceability tool is not in use, please run with -Djdk.instrument.traceUsage for more information
WARNING: Dynamic loading of agents will be disallowed by default in a future release
]]></system-err>
  </testcase>
  <testcase name="testSortByRankingDescending" classname="henrotaym.env.feature.PlayerEndpointFeatureTest" time="0.07">
    <system-out><![CDATA[2025-06-29T16:30:42.086Z TRACE 8128 --- [env] [           main] org.hibernate.orm.jdbc.bind              : binding parameter (1:DATE) <- [1986-06-03]
2025-06-29T16:30:42.086Z TRACE 8128 --- [env] [           main] org.hibernate.orm.jdbc.bind              : binding parameter (2:VARCHAR) <- [Rafael Nadal]
2025-06-29T16:30:42.087Z TRACE 8128 --- [env] [           main] org.hibernate.orm.jdbc.bind              : binding parameter (3:VARCHAR) <- [ESP]
2025-06-29T16:30:42.087Z TRACE 8128 --- [env] [           main] org.hibernate.orm.jdbc.bind              : binding parameter (4:INTEGER) <- [2]
2025-06-29T16:30:42.093Z TRACE 8128 --- [env] [           main] org.hibernate.orm.jdbc.bind              : binding parameter (1:DATE) <- [1981-08-08]
2025-06-29T16:30:42.093Z TRACE 8128 --- [env] [           main] org.hibernate.orm.jdbc.bind              : binding parameter (2:VARCHAR) <- [Roger Federer]
2025-06-29T16:30:42.094Z TRACE 8128 --- [env] [           main] org.hibernate.orm.jdbc.bind              : binding parameter (3:VARCHAR) <- [SUI]
2025-06-29T16:30:42.094Z TRACE 8128 --- [env] [           main] org.hibernate.orm.jdbc.bind              : binding parameter (4:INTEGER) <- [3]
2025-06-29T16:30:42.099Z TRACE 8128 --- [env] [           main] org.hibernate.orm.jdbc.bind              : binding parameter (1:DATE) <- [2003-05-05]
2025-06-29T16:30:42.099Z TRACE 8128 --- [env] [           main] org.hibernate.orm.jdbc.bind              : binding parameter (2:VARCHAR) <- [Carlos Alcaraz]
2025-06-29T16:30:42.100Z TRACE 8128 --- [env] [           main] org.hibernate.orm.jdbc.bind              : binding parameter (3:VARCHAR) <- [ESP]
2025-06-29T16:30:42.101Z TRACE 8128 --- [env] [           main] org.hibernate.orm.jdbc.bind              : binding parameter (4:INTEGER) <- [1]
2025-06-29T16:30:42.106Z TRACE 8128 --- [env] [           main] org.hibernate.orm.jdbc.bind              : binding parameter (1:DATE) <- [1987-05-15]
2025-06-29T16:30:42.107Z TRACE 8128 --- [env] [           main] org.hibernate.orm.jdbc.bind              : binding parameter (2:VARCHAR) <- [Andy Murray]
2025-06-29T16:30:42.108Z TRACE 8128 --- [env] [           main] org.hibernate.orm.jdbc.bind              : binding parameter (3:VARCHAR) <- [GBR]
2025-06-29T16:30:42.108Z TRACE 8128 --- [env] [           main] org.hibernate.orm.jdbc.bind              : binding parameter (4:INTEGER) <- [4]
]]></system-out>
  </testcase>
  <testcase name="testWithoutAnyFilterReturnsAll" classname="henrotaym.env.feature.PlayerEndpointFeatureTest" time="0.078">
    <system-out><![CDATA[2025-06-29T16:30:42.164Z TRACE 8128 --- [env] [           main] org.hibernate.orm.jdbc.bind              : binding parameter (1:DATE) <- [1986-06-03]
2025-06-29T16:30:42.165Z TRACE 8128 --- [env] [           main] org.hibernate.orm.jdbc.bind              : binding parameter (2:VARCHAR) <- [Rafael Nadal]
2025-06-29T16:30:42.165Z TRACE 8128 --- [env] [           main] org.hibernate.orm.jdbc.bind              : binding parameter (3:VARCHAR) <- [ESP]
2025-06-29T16:30:42.165Z TRACE 8128 --- [env] [           main] org.hibernate.orm.jdbc.bind              : binding parameter (4:INTEGER) <- [2]
2025-06-29T16:30:42.174Z TRACE 8128 --- [env] [           main] org.hibernate.orm.jdbc.bind              : binding parameter (1:DATE) <- [1981-08-08]
2025-06-29T16:30:42.174Z TRACE 8128 --- [env] [           main] org.hibernate.orm.jdbc.bind              : binding parameter (2:VARCHAR) <- [Roger Federer]
2025-06-29T16:30:42.175Z TRACE 8128 --- [env] [           main] org.hibernate.orm.jdbc.bind              : binding parameter (3:VARCHAR) <- [SUI]
2025-06-29T16:30:42.175Z TRACE 8128 --- [env] [           main] org.hibernate.orm.jdbc.bind              : binding parameter (4:INTEGER) <- [3]
2025-06-29T16:30:42.181Z TRACE 8128 --- [env] [           main] org.hibernate.orm.jdbc.bind              : binding parameter (1:DATE) <- [2003-05-05]
2025-06-29T16:30:42.183Z TRACE 8128 --- [env] [           main] org.hibernate.orm.jdbc.bind              : binding parameter (2:VARCHAR) <- [Carlos Alcaraz]
2025-06-29T16:30:42.183Z TRACE 8128 --- [env] [           main] org.hibernate.orm.jdbc.bind              : binding parameter (3:VARCHAR) <- [ESP]
2025-06-29T16:30:42.184Z TRACE 8128 --- [env] [           main] org.hibernate.orm.jdbc.bind              : binding parameter (4:INTEGER) <- [1]
2025-06-29T16:30:42.190Z TRACE 8128 --- [env] [           main] org.hibernate.orm.jdbc.bind              : binding parameter (1:DATE) <- [1987-05-15]
2025-06-29T16:30:42.190Z TRACE 8128 --- [env] [           main] org.hibernate.orm.jdbc.bind              : binding parameter (2:VARCHAR) <- [Andy Murray]
2025-06-29T16:30:42.190Z TRACE 8128 --- [env] [           main] org.hibernate.orm.jdbc.bind              : binding parameter (3:VARCHAR) <- [GBR]
2025-06-29T16:30:42.190Z TRACE 8128 --- [env] [           main] org.hibernate.orm.jdbc.bind              : binding parameter (4:INTEGER) <- [4]
]]></system-out>
  </testcase>
  <testcase name="testFilterByNameAndNationality" classname="henrotaym.env.feature.PlayerEndpointFeatureTest" time="0.177">
    <system-out><![CDATA[2025-06-29T16:30:42.246Z TRACE 8128 --- [env] [           main] org.hibernate.orm.jdbc.bind              : binding parameter (1:DATE) <- [1986-06-03]
2025-06-29T16:30:42.247Z TRACE 8128 --- [env] [           main] org.hibernate.orm.jdbc.bind              : binding parameter (2:VARCHAR) <- [Rafael Nadal]
2025-06-29T16:30:42.247Z TRACE 8128 --- [env] [           main] org.hibernate.orm.jdbc.bind              : binding parameter (3:VARCHAR) <- [ESP]
2025-06-29T16:30:42.248Z TRACE 8128 --- [env] [           main] org.hibernate.orm.jdbc.bind              : binding parameter (4:INTEGER) <- [2]
2025-06-29T16:30:42.257Z TRACE 8128 --- [env] [           main] org.hibernate.orm.jdbc.bind              : binding parameter (1:DATE) <- [1981-08-08]
2025-06-29T16:30:42.258Z TRACE 8128 --- [env] [           main] org.hibernate.orm.jdbc.bind              : binding parameter (2:VARCHAR) <- [Roger Federer]
2025-06-29T16:30:42.258Z TRACE 8128 --- [env] [           main] org.hibernate.orm.jdbc.bind              : binding parameter (3:VARCHAR) <- [SUI]
2025-06-29T16:30:42.259Z TRACE 8128 --- [env] [           main] org.hibernate.orm.jdbc.bind              : binding parameter (4:INTEGER) <- [3]
2025-06-29T16:30:42.275Z TRACE 8128 --- [env] [           main] org.hibernate.orm.jdbc.bind              : binding parameter (1:DATE) <- [2003-05-05]
2025-06-29T16:30:42.275Z TRACE 8128 --- [env] [           main] org.hibernate.orm.jdbc.bind              : binding parameter (2:VARCHAR) <- [Carlos Alcaraz]
2025-06-29T16:30:42.275Z TRACE 8128 --- [env] [           main] org.hibernate.orm.jdbc.bind              : binding parameter (3:VARCHAR) <- [ESP]
2025-06-29T16:30:42.276Z TRACE 8128 --- [env] [           main] org.hibernate.orm.jdbc.bind              : binding parameter (4:INTEGER) <- [1]
2025-06-29T16:30:42.283Z TRACE 8128 --- [env] [           main] org.hibernate.orm.jdbc.bind              : binding parameter (1:DATE) <- [1987-05-15]
2025-06-29T16:30:42.283Z TRACE 8128 --- [env] [           main] org.hibernate.orm.jdbc.bind              : binding parameter (2:VARCHAR) <- [Andy Murray]
2025-06-29T16:30:42.284Z TRACE 8128 --- [env] [           main] org.hibernate.orm.jdbc.bind              : binding parameter (3:VARCHAR) <- [GBR]
2025-06-29T16:30:42.284Z TRACE 8128 --- [env] [           main] org.hibernate.orm.jdbc.bind              : binding parameter (4:INTEGER) <- [4]
2025-06-29T16:30:42.382Z TRACE 8128 --- [env] [           main] org.hibernate.orm.jdbc.bind              : binding parameter (1:VARCHAR) <- [%rafa%]
2025-06-29T16:30:42.382Z TRACE 8128 --- [env] [           main] org.hibernate.orm.jdbc.bind              : binding parameter (2:VARCHAR) <- [ESP]
]]></system-out>
  </testcase>
</testsuite>